\BOOKMARK [1][-]{section.1}{Introduction}{}% 1
\BOOKMARK [2][-]{subsection.1.1}{Purpose}{section.1}% 2
\BOOKMARK [2][-]{subsection.1.2}{Scope}{section.1}% 3
\BOOKMARK [2][-]{subsection.1.3}{Definitions, Acronyms, and Abbreviations}{section.1}% 4
\BOOKMARK [2][-]{subsection.1.4}{References}{section.1}% 5
\BOOKMARK [2][-]{subsection.1.5}{Overview}{section.1}% 6
\BOOKMARK [1][-]{section.2}{Overall Description}{}% 7
\BOOKMARK [2][-]{subsection.2.1}{Product Perspective}{section.2}% 8
\BOOKMARK [3][-]{subsubsection.2.1.1}{System Interfaces}{subsection.2.1}% 9
\BOOKMARK [3][-]{subsubsection.2.1.2}{User Interfaces}{subsection.2.1}% 10
\BOOKMARK [3][-]{subsubsection.2.1.3}{Hardware Interfaces}{subsection.2.1}% 11
\BOOKMARK [3][-]{subsubsection.2.1.4}{Software Interfaces}{subsection.2.1}% 12
\BOOKMARK [3][-]{subsubsection.2.1.5}{Communications Interfaces}{subsection.2.1}% 13
\BOOKMARK [3][-]{subsubsection.2.1.6}{Memory}{subsection.2.1}% 14
\BOOKMARK [3][-]{subsubsection.2.1.7}{Operations}{subsection.2.1}% 15
\BOOKMARK [3][-]{subsubsection.2.1.8}{Site Adaption Requirements}{subsection.2.1}% 16
\BOOKMARK [2][-]{subsection.2.2}{Product Functions}{section.2}% 17
\BOOKMARK [2][-]{subsection.2.3}{User Characteristics}{section.2}% 18
\BOOKMARK [2][-]{subsection.2.4}{Constraints}{section.2}% 19
\BOOKMARK [2][-]{subsection.2.5}{Assumptions and Dependencies}{section.2}% 20
\BOOKMARK [1][-]{section.3}{Specific Requirements}{}% 21
\BOOKMARK [2][-]{subsection.3.1}{External interface Requirements}{section.3}% 22
\BOOKMARK [2][-]{subsection.3.2}{Functional requirements}{section.3}% 23
\BOOKMARK [2][-]{subsection.3.3}{Performance Requirements}{section.3}% 24
\BOOKMARK [2][-]{subsection.3.4}{Design Constraints}{section.3}% 25
\BOOKMARK [2][-]{subsection.3.5}{Software System Attributes}{section.3}% 26
\BOOKMARK [2][-]{subsection.3.6}{Other Requirements}{section.3}% 27
\BOOKMARK [1][-]{section.4}{Appendixes}{}% 28
\BOOKMARK [1][-]{section.5}{Index}{}% 29
